[debug] [2021-12-08T13:55:22.931Z] ----------------------------------------------------------------------
[debug] [2021-12-08T13:55:22.934Z] Command:       C:\Program Files\nodejs\node.exe C:\Users\singh\AppData\Roaming\npm\node_modules\firebase-tools\lib\bin\firebase.js emulators:start
[debug] [2021-12-08T13:55:22.935Z] CLI Version:   9.23.0
[debug] [2021-12-08T13:55:22.935Z] Platform:      win32
[debug] [2021-12-08T13:55:22.935Z] Node Version:  v16.13.0
[debug] [2021-12-08T13:55:22.936Z] Time:          Wed Dec 08 2021 19:25:22 GMT+0530 (India Standard Time)
[debug] [2021-12-08T13:55:22.936Z] ----------------------------------------------------------------------
[debug] 
[debug] [2021-12-08T13:55:22.999Z] > command requires scopes: ["email","openid","https://www.googleapis.com/auth/cloudplatformprojects.readonly","https://www.googleapis.com/auth/firebase","https://www.googleapis.com/auth/cloud-platform"]
[debug] [2021-12-08T13:55:23.000Z] > authorizing via signed-in user (bhupendra.singh.che19@itbhu.ac.in)
[info] i  emulators: Starting emulators: functions, hosting {"metadata":{"emulator":{"name":"hub"},"message":"Starting emulators: functions, hosting"}}
[warn] !  emulators: It seems that you are running multiple instances of the emulator suite for project challenge-30449. This may result in unexpected behavior. 
[debug] [2021-12-08T13:55:23.041Z] [hub] writing locator at C:\Users\singh\AppData\Local\Temp\hub-challenge-30449.json
[warn] !  functions: The following emulators are not running, calls to these services from the Functions emulator will affect production: auth, firestore, database, pubsub, storage {"metadata":{"emulator":{"name":"functions"},"message":"The following emulators are not running, calls to these services from the Functions emulator will affect production: \u001b[1mauth, firestore, database, pubsub, storage\u001b[22m"}}
[warn] !  Your requested "node" version "14" doesn't match your global version "16" {"metadata":{"emulator":{"name":"functions"},"message":"Your requested \"node\" version \"14\" doesn't match your global version \"16\""}}
[debug] [2021-12-08T13:55:23.251Z] defaultcredentials: writing to file C:\Users\singh\AppData\Roaming\firebase\bhupendra_singh.che19_itbhu.ac.in_application_default_credentials.json
[debug] [2021-12-08T13:55:23.256Z] Setting GAC to C:\Users\singh\AppData\Roaming\firebase\bhupendra_singh.che19_itbhu.ac.in_application_default_credentials.json {"metadata":{"emulator":{"name":"functions"},"message":"Setting GAC to C:\\Users\\singh\\AppData\\Roaming\\firebase\\bhupendra_singh.che19_itbhu.ac.in_application_default_credentials.json"}}
[debug] [2021-12-08T13:55:23.259Z] > refreshing access token with scopes: []
[debug] [2021-12-08T13:55:23.260Z] >>> HTTP REQUEST POST https://www.googleapis.com/oauth2/v3/token  
 <request body omitted>
[debug] [2021-12-08T13:55:23.603Z] <<< HTTP RESPONSE 200 {"date":"Wed, 08 Dec 2021 13:55:24 GMT","pragma":"no-cache","expires":"Mon, 01 Jan 1990 00:00:00 GMT","cache-control":"no-cache, no-store, max-age=0, must-revalidate","content-type":"application/json; charset=utf-8","vary":"X-Origin, Referer, Origin,Accept-Encoding","server":"scaffolding on HTTPServer2","x-xss-protection":"0","x-frame-options":"SAMEORIGIN","x-content-type-options":"nosniff","alt-svc":"h3=\":443\"; ma=2592000,h3-29=\":443\"; ma=2592000,h3-Q050=\":443\"; ma=2592000,h3-Q046=\":443\"; ma=2592000,h3-Q043=\":443\"; ma=2592000,quic=\":443\"; ma=2592000; v=\"46,43\"","accept-ranges":"none","transfer-encoding":"chunked"}
[debug] [2021-12-08T13:55:23.629Z] >>> [apiv2][query] GET https://firebase.googleapis.com/v1beta1/projects/challenge-30449/adminSdkConfig [none]
[debug] [2021-12-08T13:55:24.636Z] <<< [apiv2][status] GET https://firebase.googleapis.com/v1beta1/projects/challenge-30449/adminSdkConfig 200
[debug] [2021-12-08T13:55:24.636Z] <<< [apiv2][body] GET https://firebase.googleapis.com/v1beta1/projects/challenge-30449/adminSdkConfig {"projectId":"challenge-30449","storageBucket":"challenge-30449.appspot.com","locationId":"us-central"}
[debug] [2021-12-08T13:55:24.659Z] >>> [apiv2][query] GET https://firebasehosting.googleapis.com/v1beta1/projects/challenge-30449/sites 
[debug] [2021-12-08T13:55:26.706Z] <<< [apiv2][status] GET https://firebasehosting.googleapis.com/v1beta1/projects/challenge-30449/sites 200
[debug] [2021-12-08T13:55:26.706Z] <<< [apiv2][body] GET https://firebasehosting.googleapis.com/v1beta1/projects/challenge-30449/sites {"sites":[{"name":"projects/866757641126/sites/challenge-30449","defaultUrl":"https://challenge-30449.web.app","appId":"1:866757641126:web:317c9a670baadf2a450567","type":"DEFAULT_SITE"}]}
[debug] [2021-12-08T13:55:26.706Z] >>> [apiv2][query] GET https://firebase.googleapis.com/v1beta1/projects/challenge-30449/webApps/1:866757641126:web:317c9a670baadf2a450567/config [none]
[debug] [2021-12-08T13:55:28.516Z] <<< [apiv2][status] GET https://firebase.googleapis.com/v1beta1/projects/challenge-30449/webApps/1:866757641126:web:317c9a670baadf2a450567/config 200
[debug] [2021-12-08T13:55:28.516Z] <<< [apiv2][body] GET https://firebase.googleapis.com/v1beta1/projects/challenge-30449/webApps/1:866757641126:web:317c9a670baadf2a450567/config {"projectId":"challenge-30449","appId":"1:866757641126:web:317c9a670baadf2a450567","storageBucket":"challenge-30449.appspot.com","locationId":"us-central","apiKey":"AIzaSyDbFpZCaMygS4fXEMW2GmbRSL7064Ttws8","authDomain":"challenge-30449.firebaseapp.com","messagingSenderId":"866757641126","measurementId":"G-FW8W6LF73V"}
[info] i  hosting: Serving hosting files from: build {"metadata":{"emulator":{"name":"hosting"},"message":"Serving hosting files from: \u001b[1mbuild\u001b[22m"}}
[info] +  hosting: Local server: http://localhost:5000 {"metadata":{"emulator":{"name":"hosting"},"message":"Local server: \u001b[4m\u001b[1mhttp://localhost:5000\u001b[22m\u001b[24m"}}
[debug] [2021-12-08T13:55:28.563Z] Ignoring unsupported arg: auto_download {"metadata":{"emulator":{"name":"ui"},"message":"Ignoring unsupported arg: auto_download"}}
[debug] [2021-12-08T13:55:28.563Z] Ignoring unsupported arg: port {"metadata":{"emulator":{"name":"ui"},"message":"Ignoring unsupported arg: port"}}
[debug] [2021-12-08T13:55:28.563Z] Starting Emulator UI with command {"binary":"node","args":["C:\\Users\\singh\\.cache\\firebase\\emulators\\ui-v1.6.4\\server.bundle.js"],"optionalArgs":[],"joinArgs":false} {"metadata":{"emulator":{"name":"ui"},"message":"Starting Emulator UI with command {\"binary\":\"node\",\"args\":[\"C:\\\\Users\\\\singh\\\\.cache\\\\firebase\\\\emulators\\\\ui-v1.6.4\\\\server.bundle.js\"],\"optionalArgs\":[],\"joinArgs\":false}"}}
[info] i  ui: Emulator UI logging to ui-debug.log {"metadata":{"emulator":{"name":"ui"},"message":"Emulator UI logging to \u001b[1mui-debug.log\u001b[22m"}}
[debug] [2021-12-08T13:55:28.681Z] Web / API server started at localhost:4000
 {"metadata":{"emulator":{"name":"ui"},"message":"Web / API server started at localhost:4000\n"}}
[info] i  functions: Watching "D:\Clones\amazon-clone\functions" for Cloud Functions... {"metadata":{"emulator":{"name":"functions"},"message":"Watching \"D:\\Clones\\amazon-clone\\functions\" for Cloud Functions..."}}
[debug] [2021-12-08T13:55:28.862Z] [worker-pool] addWorker(~diagnostic~) {"metadata":{"emulator":{"name":"functions"},"message":"[worker-pool] addWorker(~diagnostic~)"}}
[debug] [2021-12-08T13:55:28.863Z] [worker-pool] Adding worker with key ~diagnostic~, total=1 {"metadata":{"emulator":{"name":"functions"},"message":"[worker-pool] Adding worker with key ~diagnostic~, total=1"}}
[debug] [2021-12-08T13:55:28.863Z] [worker-pool] submitWork(triggerId=) {"metadata":{"emulator":{"name":"functions"},"message":"[worker-pool] submitWork(triggerId=)"}}
[debug] [2021-12-08T13:55:28.864Z] [worker-~diagnostic~-2b3a8c0c-67fa-4bb0-9286-ec2c552fdea9]: Assigning socketPath: \\?\pipe\D:\Clones\amazon-clone\functions\4580 {"metadata":{"emulator":{"name":"functions"},"message":"[worker-~diagnostic~-2b3a8c0c-67fa-4bb0-9286-ec2c552fdea9]: Assigning socketPath: \\\\?\\pipe\\D:\\Clones\\amazon-clone\\functions\\4580"}}
[debug] [2021-12-08T13:55:28.864Z] [worker-~diagnostic~-2b3a8c0c-67fa-4bb0-9286-ec2c552fdea9]: BUSY {"metadata":{"emulator":{"name":"functions"},"message":"[worker-~diagnostic~-2b3a8c0c-67fa-4bb0-9286-ec2c552fdea9]: BUSY"}}
[debug] [2021-12-08T13:55:29.015Z] [runtime-status] [4580] Functions runtime initialized. {"cwd":"D:\\Clones\\amazon-clone\\functions","node_version":"16.13.0"} {"metadata":{"emulator":{"name":"functions"},"message":"[runtime-status] [4580] Functions runtime initialized. {\"cwd\":\"D:\\\\Clones\\\\amazon-clone\\\\functions\",\"node_version\":\"16.13.0\"}"}}
[debug] [2021-12-08T13:55:29.015Z] [runtime-status] [4580] Disabled runtime features: undefined {"metadata":{"emulator":{"name":"functions"},"message":"[runtime-status] [4580] Disabled runtime features: undefined"}}
[debug] [2021-12-08T13:55:29.121Z] [runtime-status] [4580] Resolved module firebase-admin {"declared":true,"installed":true,"version":"9.12.0","resolution":"D:\\Clones\\amazon-clone\\functions\\node_modules\\firebase-admin\\lib\\index.js"} {"metadata":{"emulator":{"name":"functions"},"message":"[runtime-status] [4580] Resolved module firebase-admin {\"declared\":true,\"installed\":true,\"version\":\"9.12.0\",\"resolution\":\"D:\\\\Clones\\\\amazon-clone\\\\functions\\\\node_modules\\\\firebase-admin\\\\lib\\\\index.js\"}"}}
[debug] [2021-12-08T13:55:29.226Z] [runtime-status] [4580] Resolved module firebase-functions {"declared":true,"installed":true,"version":"3.16.0","resolution":"D:\\Clones\\amazon-clone\\functions\\node_modules\\firebase-functions\\lib\\index.js"} {"metadata":{"emulator":{"name":"functions"},"message":"[runtime-status] [4580] Resolved module firebase-functions {\"declared\":true,\"installed\":true,\"version\":\"3.16.0\",\"resolution\":\"D:\\\\Clones\\\\amazon-clone\\\\functions\\\\node_modules\\\\firebase-functions\\\\lib\\\\index.js\"}"}}
[debug] [2021-12-08T13:55:29.231Z] [runtime-status] [4580] Outgoing network have been stubbed. [{"name":"http","status":"mocked"},{"name":"http","status":"mocked"},{"name":"https","status":"mocked"},{"name":"https","status":"mocked"},{"name":"net","status":"mocked"}] {"metadata":{"emulator":{"name":"functions"},"message":"[runtime-status] [4580] Outgoing network have been stubbed. [{\"name\":\"http\",\"status\":\"mocked\"},{\"name\":\"http\",\"status\":\"mocked\"},{\"name\":\"https\",\"status\":\"mocked\"},{\"name\":\"https\",\"status\":\"mocked\"},{\"name\":\"net\",\"status\":\"mocked\"}]"}}
[debug] [2021-12-08T13:55:29.235Z] [runtime-status] [4580] Resolved module firebase-functions {"declared":true,"installed":true,"version":"3.16.0","resolution":"D:\\Clones\\amazon-clone\\functions\\node_modules\\firebase-functions\\lib\\index.js"} {"metadata":{"emulator":{"name":"functions"},"message":"[runtime-status] [4580] Resolved module firebase-functions {\"declared\":true,\"installed\":true,\"version\":\"3.16.0\",\"resolution\":\"D:\\\\Clones\\\\amazon-clone\\\\functions\\\\node_modules\\\\firebase-functions\\\\lib\\\\index.js\"}"}}
[debug] [2021-12-08T13:55:30.409Z] [runtime-status] [4580] Checked functions.config() {"config":{}} {"metadata":{"emulator":{"name":"functions"},"message":"[runtime-status] [4580] Checked functions.config() {\"config\":{}}"}}
[debug] [2021-12-08T13:55:30.410Z] [runtime-status] [4580] firebase-functions has been stubbed. {"functionsResolution":{"declared":true,"installed":true,"version":"3.16.0","resolution":"D:\\Clones\\amazon-clone\\functions\\node_modules\\firebase-functions\\lib\\index.js"}} {"metadata":{"emulator":{"name":"functions"},"message":"[runtime-status] [4580] firebase-functions has been stubbed. {\"functionsResolution\":{\"declared\":true,\"installed\":true,\"version\":\"3.16.0\",\"resolution\":\"D:\\\\Clones\\\\amazon-clone\\\\functions\\\\node_modules\\\\firebase-functions\\\\lib\\\\index.js\"}}"}}
[debug] [2021-12-08T13:55:30.413Z] [runtime-status] [4580] Resolved module firebase-functions {"declared":true,"installed":true,"version":"3.16.0","resolution":"D:\\Clones\\amazon-clone\\functions\\node_modules\\firebase-functions\\lib\\index.js"} {"metadata":{"emulator":{"name":"functions"},"message":"[runtime-status] [4580] Resolved module firebase-functions {\"declared\":true,\"installed\":true,\"version\":\"3.16.0\",\"resolution\":\"D:\\\\Clones\\\\amazon-clone\\\\functions\\\\node_modules\\\\firebase-functions\\\\lib\\\\index.js\"}"}}
[debug] [2021-12-08T13:55:30.418Z] [runtime-status] [4580] Resolved module firebase-admin {"declared":true,"installed":true,"version":"9.12.0","resolution":"D:\\Clones\\amazon-clone\\functions\\node_modules\\firebase-admin\\lib\\index.js"} {"metadata":{"emulator":{"name":"functions"},"message":"[runtime-status] [4580] Resolved module firebase-admin {\"declared\":true,\"installed\":true,\"version\":\"9.12.0\",\"resolution\":\"D:\\\\Clones\\\\amazon-clone\\\\functions\\\\node_modules\\\\firebase-admin\\\\lib\\\\index.js\"}"}}
[debug] [2021-12-08T13:55:30.420Z] [runtime-status] [4580] Resolved module firebase-functions {"declared":true,"installed":true,"version":"3.16.0","resolution":"D:\\Clones\\amazon-clone\\functions\\node_modules\\firebase-functions\\lib\\index.js"} {"metadata":{"emulator":{"name":"functions"},"message":"[runtime-status] [4580] Resolved module firebase-functions {\"declared\":true,\"installed\":true,\"version\":\"3.16.0\",\"resolution\":\"D:\\\\Clones\\\\amazon-clone\\\\functions\\\\node_modules\\\\firebase-functions\\\\lib\\\\index.js\"}"}}
[debug] [2021-12-08T13:55:30.420Z] [runtime-status] [4580] firebase-admin has been stubbed. {"adminResolution":{"declared":true,"installed":true,"version":"9.12.0","resolution":"D:\\Clones\\amazon-clone\\functions\\node_modules\\firebase-admin\\lib\\index.js"}} {"metadata":{"emulator":{"name":"functions"},"message":"[runtime-status] [4580] firebase-admin has been stubbed. {\"adminResolution\":{\"declared\":true,\"installed\":true,\"version\":\"9.12.0\",\"resolution\":\"D:\\\\Clones\\\\amazon-clone\\\\functions\\\\node_modules\\\\firebase-admin\\\\lib\\\\index.js\"}}"}}
[info] +  functions[us-central1-api]: http function initialized (http://localhost:5001/challenge-30449/us-central1/api). {"metadata":{"emulator":{"name":"functions"},"message":"\u001b[1mhttp\u001b[22m function initialized (http://localhost:5001/challenge-30449/us-central1/api)."}}
[info] 
┌─────────────────────────────────────────────────────────────┐
│ ✔  All emulators ready! It is now safe to connect your app. │
│ i  View Emulator UI at http://localhost:4000                │
└─────────────────────────────────────────────────────────────┘

┌───────────┬────────────────┬─────────────────────────────────┐
│ Emulator  │ Host:Port      │ View in Emulator UI             │
├───────────┼────────────────┼─────────────────────────────────┤
│ Functions │ localhost:5001 │ http://localhost:4000/functions │
├───────────┼────────────────┼─────────────────────────────────┤
│ Hosting   │ localhost:5000 │ n/a                             │
└───────────┴────────────────┴─────────────────────────────────┘
  Emulator Hub running at localhost:4400
  Other reserved ports: 4500

Issues? Report them at https://github.com/firebase/firebase-tools/issues and attach the *-debug.log files.
 
[debug] [2021-12-08T13:55:31.698Z] [worker-~diagnostic~-2b3a8c0c-67fa-4bb0-9286-ec2c552fdea9]: IDLE {"metadata":{"emulator":{"name":"functions"},"message":"[worker-~diagnostic~-2b3a8c0c-67fa-4bb0-9286-ec2c552fdea9]: IDLE"}}
[debug] [2021-12-08T14:11:25.258Z] [work-queue] {"queueLength":1,"workRunningCount":0}
[debug] [2021-12-08T14:11:25.260Z] [work-queue] {"queueLength":0,"workRunningCount":1}
[debug] [2021-12-08T14:11:25.261Z] Accepted request POST /challenge-30449/us-central1/api/payment/create?total=63400 --> us-central1-api
[debug] [2021-12-08T14:11:25.275Z] [worker-pool] addWorker(us-central1-api) {"metadata":{"emulator":{"name":"functions"},"message":"[worker-pool] addWorker(us-central1-api)"}}
[debug] [2021-12-08T14:11:25.276Z] [worker-pool] Adding worker with key us-central1-api, total=1 {"metadata":{"emulator":{"name":"functions"},"message":"[worker-pool] Adding worker with key us-central1-api, total=1"}}
[debug] [2021-12-08T14:11:25.276Z] [worker-pool] submitWork(triggerId=us-central1-api) {"metadata":{"emulator":{"name":"functions"},"message":"[worker-pool] submitWork(triggerId=us-central1-api)"}}
[debug] [2021-12-08T14:11:25.276Z] [worker-us-central1-api-9cec7a08-b74b-4062-b6a3-360bd6b7b5ad]: Assigning socketPath: \\?\pipe\D:\Clones\amazon-clone\functions\3888 {"metadata":{"emulator":{"name":"functions"},"message":"[worker-us-central1-api-9cec7a08-b74b-4062-b6a3-360bd6b7b5ad]: Assigning socketPath: \\\\?\\pipe\\D:\\Clones\\amazon-clone\\functions\\3888"}}
[debug] [2021-12-08T14:11:25.277Z] [worker-us-central1-api-9cec7a08-b74b-4062-b6a3-360bd6b7b5ad]: BUSY {"metadata":{"emulator":{"name":"functions"},"message":"[worker-us-central1-api-9cec7a08-b74b-4062-b6a3-360bd6b7b5ad]: BUSY"}}
[debug] [2021-12-08T14:11:25.462Z] [runtime-status] [3888] Functions runtime initialized. {"cwd":"D:\\Clones\\amazon-clone\\functions","node_version":"16.13.0"} {"metadata":{"emulator":{"name":"functions"},"function":{"name":"us-central1-api"},"message":"[runtime-status] [3888] Functions runtime initialized. {\"cwd\":\"D:\\\\Clones\\\\amazon-clone\\\\functions\",\"node_version\":\"16.13.0\"}"}}
[debug] [2021-12-08T14:11:25.463Z] [runtime-status] [3888] Disabled runtime features: undefined {"metadata":{"emulator":{"name":"functions"},"function":{"name":"us-central1-api"},"message":"[runtime-status] [3888] Disabled runtime features: undefined"}}
[debug] [2021-12-08T14:11:25.465Z] [runtime-status] [3888] Resolved module firebase-admin {"declared":true,"installed":true,"version":"9.12.0","resolution":"D:\\Clones\\amazon-clone\\functions\\node_modules\\firebase-admin\\lib\\index.js"} {"metadata":{"emulator":{"name":"functions"},"function":{"name":"us-central1-api"},"message":"[runtime-status] [3888] Resolved module firebase-admin {\"declared\":true,\"installed\":true,\"version\":\"9.12.0\",\"resolution\":\"D:\\\\Clones\\\\amazon-clone\\\\functions\\\\node_modules\\\\firebase-admin\\\\lib\\\\index.js\"}"}}
[debug] [2021-12-08T14:11:25.468Z] [runtime-status] [3888] Resolved module firebase-functions {"declared":true,"installed":true,"version":"3.16.0","resolution":"D:\\Clones\\amazon-clone\\functions\\node_modules\\firebase-functions\\lib\\index.js"} {"metadata":{"emulator":{"name":"functions"},"function":{"name":"us-central1-api"},"message":"[runtime-status] [3888] Resolved module firebase-functions {\"declared\":true,\"installed\":true,\"version\":\"3.16.0\",\"resolution\":\"D:\\\\Clones\\\\amazon-clone\\\\functions\\\\node_modules\\\\firebase-functions\\\\lib\\\\index.js\"}"}}
[debug] [2021-12-08T14:11:25.469Z] [runtime-status] [3888] Outgoing network have been stubbed. [{"name":"http","status":"mocked"},{"name":"http","status":"mocked"},{"name":"https","status":"mocked"},{"name":"https","status":"mocked"},{"name":"net","status":"mocked"}] {"metadata":{"emulator":{"name":"functions"},"function":{"name":"us-central1-api"},"message":"[runtime-status] [3888] Outgoing network have been stubbed. [{\"name\":\"http\",\"status\":\"mocked\"},{\"name\":\"http\",\"status\":\"mocked\"},{\"name\":\"https\",\"status\":\"mocked\"},{\"name\":\"https\",\"status\":\"mocked\"},{\"name\":\"net\",\"status\":\"mocked\"}]"}}
[debug] [2021-12-08T14:11:25.473Z] [runtime-status] [3888] Resolved module firebase-functions {"declared":true,"installed":true,"version":"3.16.0","resolution":"D:\\Clones\\amazon-clone\\functions\\node_modules\\firebase-functions\\lib\\index.js"} {"metadata":{"emulator":{"name":"functions"},"function":{"name":"us-central1-api"},"message":"[runtime-status] [3888] Resolved module firebase-functions {\"declared\":true,\"installed\":true,\"version\":\"3.16.0\",\"resolution\":\"D:\\\\Clones\\\\amazon-clone\\\\functions\\\\node_modules\\\\firebase-functions\\\\lib\\\\index.js\"}"}}
[debug] [2021-12-08T14:11:25.521Z] [runtime-status] [3888] Checked functions.config() {"config":{}} {"metadata":{"emulator":{"name":"functions"},"function":{"name":"us-central1-api"},"message":"[runtime-status] [3888] Checked functions.config() {\"config\":{}}"}}
[debug] [2021-12-08T14:11:25.522Z] [runtime-status] [3888] firebase-functions has been stubbed. {"functionsResolution":{"declared":true,"installed":true,"version":"3.16.0","resolution":"D:\\Clones\\amazon-clone\\functions\\node_modules\\firebase-functions\\lib\\index.js"}} {"metadata":{"emulator":{"name":"functions"},"function":{"name":"us-central1-api"},"message":"[runtime-status] [3888] firebase-functions has been stubbed. {\"functionsResolution\":{\"declared\":true,\"installed\":true,\"version\":\"3.16.0\",\"resolution\":\"D:\\\\Clones\\\\amazon-clone\\\\functions\\\\node_modules\\\\firebase-functions\\\\lib\\\\index.js\"}}"}}
[debug] [2021-12-08T14:11:25.524Z] [runtime-status] [3888] Resolved module firebase-functions {"declared":true,"installed":true,"version":"3.16.0","resolution":"D:\\Clones\\amazon-clone\\functions\\node_modules\\firebase-functions\\lib\\index.js"} {"metadata":{"emulator":{"name":"functions"},"function":{"name":"us-central1-api"},"message":"[runtime-status] [3888] Resolved module firebase-functions {\"declared\":true,\"installed\":true,\"version\":\"3.16.0\",\"resolution\":\"D:\\\\Clones\\\\amazon-clone\\\\functions\\\\node_modules\\\\firebase-functions\\\\lib\\\\index.js\"}"}}
[debug] [2021-12-08T14:11:25.525Z] [runtime-status] [3888] Resolved module firebase-admin {"declared":true,"installed":true,"version":"9.12.0","resolution":"D:\\Clones\\amazon-clone\\functions\\node_modules\\firebase-admin\\lib\\index.js"} {"metadata":{"emulator":{"name":"functions"},"function":{"name":"us-central1-api"},"message":"[runtime-status] [3888] Resolved module firebase-admin {\"declared\":true,\"installed\":true,\"version\":\"9.12.0\",\"resolution\":\"D:\\\\Clones\\\\amazon-clone\\\\functions\\\\node_modules\\\\firebase-admin\\\\lib\\\\index.js\"}"}}
[debug] [2021-12-08T14:11:25.526Z] [runtime-status] [3888] Resolved module firebase-functions {"declared":true,"installed":true,"version":"3.16.0","resolution":"D:\\Clones\\amazon-clone\\functions\\node_modules\\firebase-functions\\lib\\index.js"} {"metadata":{"emulator":{"name":"functions"},"function":{"name":"us-central1-api"},"message":"[runtime-status] [3888] Resolved module firebase-functions {\"declared\":true,\"installed\":true,\"version\":\"3.16.0\",\"resolution\":\"D:\\\\Clones\\\\amazon-clone\\\\functions\\\\node_modules\\\\firebase-functions\\\\lib\\\\index.js\"}"}}
[debug] [2021-12-08T14:11:25.526Z] [runtime-status] [3888] firebase-admin has been stubbed. {"adminResolution":{"declared":true,"installed":true,"version":"9.12.0","resolution":"D:\\Clones\\amazon-clone\\functions\\node_modules\\firebase-admin\\lib\\index.js"}} {"metadata":{"emulator":{"name":"functions"},"function":{"name":"us-central1-api"},"message":"[runtime-status] [3888] firebase-admin has been stubbed. {\"adminResolution\":{\"declared\":true,\"installed\":true,\"version\":\"9.12.0\",\"resolution\":\"D:\\\\Clones\\\\amazon-clone\\\\functions\\\\node_modules\\\\firebase-admin\\\\lib\\\\index.js\"}}"}}
[debug] [2021-12-08T14:11:25.673Z] [runtime-status] [3888] Trigger "us-central1-api" has been found, beginning invocation! {"metadata":{"emulator":{"name":"functions"},"function":{"name":"us-central1-api"},"message":"[runtime-status] [3888] Trigger \"us-central1-api\" has been found, beginning invocation!"}}
[info] i  functions: Beginning execution of "us-central1-api" {"metadata":{"emulator":{"name":"functions"},"function":{"name":"us-central1-api"},"message":"Beginning execution of \"us-central1-api\""}}
[debug] [2021-12-08T14:11:25.676Z] [runtime-status] [3888] triggerDefinition {"httpsTrigger":{},"name":"api","entryPoint":"api","regions":["us-central1"],"region":"us-central1","id":"us-central1-api"} {"metadata":{"emulator":{"name":"functions"},"function":{"name":"us-central1-api"},"message":"[runtime-status] [3888] triggerDefinition {\"httpsTrigger\":{},\"name\":\"api\",\"entryPoint\":\"api\",\"regions\":[\"us-central1\"],\"region\":\"us-central1\",\"id\":\"us-central1-api\"}"}}
[debug] [2021-12-08T14:11:25.676Z] [runtime-status] [3888] Running us-central1-api in signature http {"metadata":{"emulator":{"name":"functions"},"function":{"name":"us-central1-api"},"message":"[runtime-status] [3888] Running us-central1-api in signature http"}}
[debug] [2021-12-08T14:11:25.677Z] [runtime-status] [3888] Attempting to listen to socketPath: \\?\pipe\D:\Clones\amazon-clone\functions\3888 {"metadata":{"emulator":{"name":"functions"},"function":{"name":"us-central1-api"},"message":"[runtime-status] [3888] Attempting to listen to socketPath: \\\\?\\pipe\\D:\\Clones\\amazon-clone\\functions\\3888"}}
[debug] [2021-12-08T14:11:25.680Z] [functions] Runtime ready! Sending request! {"metadata":{"emulator":{"name":"functions"},"message":"[functions] Runtime ready! Sending request!"}}
[debug] [2021-12-08T14:11:25.681Z] [functions] Got req.url=/challenge-30449/us-central1/api/payment/create?total=63400, mapping to path=/payment/create?total=63400 {"metadata":{"emulator":{"name":"functions"},"message":"[functions] Got req.url=/challenge-30449/us-central1/api/payment/create?total=63400, mapping to path=/payment/create?total=63400"}}
[debug] [2021-12-08T14:11:25.689Z] [runtime-status] [3888] Ephemeral server handling POST request {"metadata":{"emulator":{"name":"functions"},"function":{"name":"us-central1-api"},"message":"[runtime-status] [3888] Ephemeral server handling POST request"}}
[info] >  Payment request for the amount of >>>> 63400 {"user":"Payment request for the amount of >>>> 63400","metadata":{"emulator":{"name":"functions"},"function":{"name":"us-central1-api"},"message":"\u001b[90m> \u001b[39m Payment request for the amount of >>>> 63400"}}
[debug] [2021-12-08T14:11:25.714Z] [runtime-status] [3888] Ephemeral server survived. {"metadata":{"emulator":{"name":"functions"},"function":{"name":"us-central1-api"},"message":"[runtime-status] [3888] Ephemeral server survived."}}
[info] i  functions: Finished "us-central1-api" in ~1s {"metadata":{"emulator":{"name":"functions"},"function":{"name":"us-central1-api"},"message":"Finished \"us-central1-api\" in ~1s"}}
[debug] [2021-12-08T14:11:26.561Z] [worker-us-central1-api-9cec7a08-b74b-4062-b6a3-360bd6b7b5ad]: IDLE {"metadata":{"emulator":{"name":"functions"},"message":"[worker-us-central1-api-9cec7a08-b74b-4062-b6a3-360bd6b7b5ad]: IDLE"}}
[debug] [2021-12-08T14:11:26.562Z] [work-queue] {"queueLength":0,"workRunningCount":0}
[debug] [2021-12-08T14:17:09.320Z] [work-queue] {"queueLength":1,"workRunningCount":0}
[debug] [2021-12-08T14:17:09.321Z] [work-queue] {"queueLength":0,"workRunningCount":1}
[debug] [2021-12-08T14:17:09.321Z] Accepted request POST /challenge-30449/us-central1/api/payment/create?total=11875800 --> us-central1-api
[debug] [2021-12-08T14:17:09.324Z] [worker-pool] submitWork(triggerId=us-central1-api) {"metadata":{"emulator":{"name":"functions"},"message":"[worker-pool] submitWork(triggerId=us-central1-api)"}}
[debug] [2021-12-08T14:17:09.324Z] [worker-us-central1-api-9cec7a08-b74b-4062-b6a3-360bd6b7b5ad]: Assigning socketPath: \\?\pipe\D:\Clones\amazon-clone\functions\3888 {"metadata":{"emulator":{"name":"functions"},"message":"[worker-us-central1-api-9cec7a08-b74b-4062-b6a3-360bd6b7b5ad]: Assigning socketPath: \\\\?\\pipe\\D:\\Clones\\amazon-clone\\functions\\3888"}}
[debug] [2021-12-08T14:17:09.324Z] [worker-us-central1-api-9cec7a08-b74b-4062-b6a3-360bd6b7b5ad]: BUSY {"metadata":{"emulator":{"name":"functions"},"message":"[worker-us-central1-api-9cec7a08-b74b-4062-b6a3-360bd6b7b5ad]: BUSY"}}
[debug] [2021-12-08T14:17:09.325Z] [runtime-status] [3888] Trigger "us-central1-api" has been found, beginning invocation! {"metadata":{"emulator":{"name":"functions"},"function":{"name":"us-central1-api"},"message":"[runtime-status] [3888] Trigger \"us-central1-api\" has been found, beginning invocation!"}}
[info] i  functions: Beginning execution of "us-central1-api" {"metadata":{"emulator":{"name":"functions"},"function":{"name":"us-central1-api"},"message":"Beginning execution of \"us-central1-api\""}}
[debug] [2021-12-08T14:17:09.328Z] [runtime-status] [3888] triggerDefinition {"httpsTrigger":{},"name":"api","entryPoint":"api","regions":["us-central1"],"region":"us-central1","id":"us-central1-api"} {"metadata":{"emulator":{"name":"functions"},"function":{"name":"us-central1-api"},"message":"[runtime-status] [3888] triggerDefinition {\"httpsTrigger\":{},\"name\":\"api\",\"entryPoint\":\"api\",\"regions\":[\"us-central1\"],\"region\":\"us-central1\",\"id\":\"us-central1-api\"}"}}
[debug] [2021-12-08T14:17:09.328Z] [runtime-status] [3888] Running us-central1-api in signature http {"metadata":{"emulator":{"name":"functions"},"function":{"name":"us-central1-api"},"message":"[runtime-status] [3888] Running us-central1-api in signature http"}}
[debug] [2021-12-08T14:17:09.330Z] [runtime-status] [3888] Attempting to listen to socketPath: \\?\pipe\D:\Clones\amazon-clone\functions\3888 {"metadata":{"emulator":{"name":"functions"},"function":{"name":"us-central1-api"},"message":"[runtime-status] [3888] Attempting to listen to socketPath: \\\\?\\pipe\\D:\\Clones\\amazon-clone\\functions\\3888"}}
[debug] [2021-12-08T14:17:09.333Z] [functions] Runtime ready! Sending request! {"metadata":{"emulator":{"name":"functions"},"message":"[functions] Runtime ready! Sending request!"}}
[debug] [2021-12-08T14:17:09.334Z] [functions] Got req.url=/challenge-30449/us-central1/api/payment/create?total=11875800, mapping to path=/payment/create?total=11875800 {"metadata":{"emulator":{"name":"functions"},"message":"[functions] Got req.url=/challenge-30449/us-central1/api/payment/create?total=11875800, mapping to path=/payment/create?total=11875800"}}
[debug] [2021-12-08T14:17:09.342Z] [runtime-status] [3888] Ephemeral server handling POST request {"metadata":{"emulator":{"name":"functions"},"function":{"name":"us-central1-api"},"message":"[runtime-status] [3888] Ephemeral server handling POST request"}}
[info] >  Payment request for the amount of >>>> 11875800 {"user":"Payment request for the amount of >>>> 11875800","metadata":{"emulator":{"name":"functions"},"function":{"name":"us-central1-api"},"message":"\u001b[90m> \u001b[39m Payment request for the amount of >>>> 11875800"}}
[debug] [2021-12-08T14:17:09.350Z] [runtime-status] [3888] Ephemeral server survived. {"metadata":{"emulator":{"name":"functions"},"function":{"name":"us-central1-api"},"message":"[runtime-status] [3888] Ephemeral server survived."}}
[info] i  functions: Finished "us-central1-api" in ~1s {"metadata":{"emulator":{"name":"functions"},"function":{"name":"us-central1-api"},"message":"Finished \"us-central1-api\" in ~1s"}}
[debug] [2021-12-08T14:17:10.165Z] [worker-us-central1-api-9cec7a08-b74b-4062-b6a3-360bd6b7b5ad]: IDLE {"metadata":{"emulator":{"name":"functions"},"message":"[worker-us-central1-api-9cec7a08-b74b-4062-b6a3-360bd6b7b5ad]: IDLE"}}
[debug] [2021-12-08T14:17:10.166Z] [work-queue] {"queueLength":0,"workRunningCount":0}
[debug] [2021-12-08T14:18:20.144Z] [work-queue] {"queueLength":1,"workRunningCount":0}
[debug] [2021-12-08T14:18:20.145Z] [work-queue] {"queueLength":0,"workRunningCount":1}
[debug] [2021-12-08T14:18:20.145Z] Accepted request POST /challenge-30449/us-central1/api/payment/create?total=0 --> us-central1-api
[debug] [2021-12-08T14:18:20.147Z] [worker-pool] submitWork(triggerId=us-central1-api) {"metadata":{"emulator":{"name":"functions"},"message":"[worker-pool] submitWork(triggerId=us-central1-api)"}}
[debug] [2021-12-08T14:18:20.147Z] [worker-us-central1-api-9cec7a08-b74b-4062-b6a3-360bd6b7b5ad]: Assigning socketPath: \\?\pipe\D:\Clones\amazon-clone\functions\3888 {"metadata":{"emulator":{"name":"functions"},"message":"[worker-us-central1-api-9cec7a08-b74b-4062-b6a3-360bd6b7b5ad]: Assigning socketPath: \\\\?\\pipe\\D:\\Clones\\amazon-clone\\functions\\3888"}}
[debug] [2021-12-08T14:18:20.147Z] [worker-us-central1-api-9cec7a08-b74b-4062-b6a3-360bd6b7b5ad]: BUSY {"metadata":{"emulator":{"name":"functions"},"message":"[worker-us-central1-api-9cec7a08-b74b-4062-b6a3-360bd6b7b5ad]: BUSY"}}
[debug] [2021-12-08T14:18:20.149Z] [runtime-status] [3888] Trigger "us-central1-api" has been found, beginning invocation! {"metadata":{"emulator":{"name":"functions"},"function":{"name":"us-central1-api"},"message":"[runtime-status] [3888] Trigger \"us-central1-api\" has been found, beginning invocation!"}}
[info] i  functions: Beginning execution of "us-central1-api" {"metadata":{"emulator":{"name":"functions"},"function":{"name":"us-central1-api"},"message":"Beginning execution of \"us-central1-api\""}}
[debug] [2021-12-08T14:18:20.152Z] [runtime-status] [3888] triggerDefinition {"httpsTrigger":{},"name":"api","entryPoint":"api","regions":["us-central1"],"region":"us-central1","id":"us-central1-api"} {"metadata":{"emulator":{"name":"functions"},"function":{"name":"us-central1-api"},"message":"[runtime-status] [3888] triggerDefinition {\"httpsTrigger\":{},\"name\":\"api\",\"entryPoint\":\"api\",\"regions\":[\"us-central1\"],\"region\":\"us-central1\",\"id\":\"us-central1-api\"}"}}
[debug] [2021-12-08T14:18:20.153Z] [runtime-status] [3888] Running us-central1-api in signature http {"metadata":{"emulator":{"name":"functions"},"function":{"name":"us-central1-api"},"message":"[runtime-status] [3888] Running us-central1-api in signature http"}}
[debug] [2021-12-08T14:18:20.154Z] [runtime-status] [3888] Attempting to listen to socketPath: \\?\pipe\D:\Clones\amazon-clone\functions\3888 {"metadata":{"emulator":{"name":"functions"},"function":{"name":"us-central1-api"},"message":"[runtime-status] [3888] Attempting to listen to socketPath: \\\\?\\pipe\\D:\\Clones\\amazon-clone\\functions\\3888"}}
[debug] [2021-12-08T14:18:20.156Z] [functions] Runtime ready! Sending request! {"metadata":{"emulator":{"name":"functions"},"message":"[functions] Runtime ready! Sending request!"}}
[debug] [2021-12-08T14:18:20.157Z] [functions] Got req.url=/challenge-30449/us-central1/api/payment/create?total=0, mapping to path=/payment/create?total=0 {"metadata":{"emulator":{"name":"functions"},"message":"[functions] Got req.url=/challenge-30449/us-central1/api/payment/create?total=0, mapping to path=/payment/create?total=0"}}
[debug] [2021-12-08T14:18:20.164Z] [runtime-status] [3888] Ephemeral server handling POST request {"metadata":{"emulator":{"name":"functions"},"function":{"name":"us-central1-api"},"message":"[runtime-status] [3888] Ephemeral server handling POST request"}}
[info] >  Payment request for the amount of >>>> 0 {"user":"Payment request for the amount of >>>> 0","metadata":{"emulator":{"name":"functions"},"function":{"name":"us-central1-api"},"message":"\u001b[90m> \u001b[39m Payment request for the amount of >>>> 0"}}
[debug] [2021-12-08T14:18:20.169Z] [runtime-status] [3888] Ephemeral server survived. {"metadata":{"emulator":{"name":"functions"},"function":{"name":"us-central1-api"},"message":"[runtime-status] [3888] Ephemeral server survived."}}
[info] >  D:\Clones\amazon-clone\node_modules\stripe\lib\Error.js:40 {"user":"D:\\Clones\\amazon-clone\\node_modules\\stripe\\lib\\Error.js:40\r","metadata":{"emulator":{"name":"functions"},"function":{"name":"us-central1-api"},"message":"\u001b[90m> \u001b[39m D:\\Clones\\amazon-clone\\node_modules\\stripe\\lib\\Error.js:40\r"}}
[info] >          return new StripeInvalidRequestError(rawStripeError); {"user":"        return new StripeInvalidRequestError(rawStripeError);\r","metadata":{"emulator":{"name":"functions"},"function":{"name":"us-central1-api"},"message":"\u001b[90m> \u001b[39m         return new StripeInvalidRequestError(rawStripeError);\r"}}
[info] >                 ^ {"user":"               ^\r","metadata":{"emulator":{"name":"functions"},"function":{"name":"us-central1-api"},"message":"\u001b[90m> \u001b[39m                ^\r"}}
[info] >   {"user":"\r","metadata":{"emulator":{"name":"functions"},"function":{"name":"us-central1-api"},"message":"\u001b[90m> \u001b[39m \r"}}
[info] >  StripeInvalidRequestError: This value must be greater than or equal to 1. {"user":"StripeInvalidRequestError: This value must be greater than or equal to 1.\r","metadata":{"emulator":{"name":"functions"},"function":{"name":"us-central1-api"},"message":"\u001b[90m> \u001b[39m StripeInvalidRequestError: This value must be greater than or equal to 1.\r"}}
[info] >      at Function.generate (D:\Clones\amazon-clone\node_modules\stripe\lib\Error.js:40:16) {"user":"    at Function.generate (D:\\Clones\\amazon-clone\\node_modules\\stripe\\lib\\Error.js:40:16)\r","metadata":{"emulator":{"name":"functions"},"function":{"name":"us-central1-api"},"message":"\u001b[90m> \u001b[39m     at Function.generate (D:\\Clones\\amazon-clone\\node_modules\\stripe\\lib\\Error.js:40:16)\r"}}
[info] >      at res.toJSON.then.StripeAPIError.message (D:\Clones\amazon-clone\node_modules\stripe\lib\StripeResource.js:220:35) {"user":"    at res.toJSON.then.StripeAPIError.message (D:\\Clones\\amazon-clone\\node_modules\\stripe\\lib\\StripeResource.js:220:35)\r","metadata":{"emulator":{"name":"functions"},"function":{"name":"us-central1-api"},"message":"\u001b[90m> \u001b[39m     at res.toJSON.then.StripeAPIError.message (D:\\Clones\\amazon-clone\\node_modules\\stripe\\lib\\StripeResource.js:220:35)\r"}}
[info] >      at processTicksAndRejections (node:internal/process/task_queues:96:5) { {"user":"    at processTicksAndRejections (node:internal/process/task_queues:96:5) {\r","metadata":{"emulator":{"name":"functions"},"function":{"name":"us-central1-api"},"message":"\u001b[90m> \u001b[39m     at processTicksAndRejections (node:internal/process/task_queues:96:5) {\r"}}
[info] >    type: 'StripeInvalidRequestError', {"user":"  type: 'StripeInvalidRequestError',\r","metadata":{"emulator":{"name":"functions"},"function":{"name":"us-central1-api"},"message":"\u001b[90m> \u001b[39m   type: 'StripeInvalidRequestError',\r"}}
[info] >    raw: { {"user":"  raw: {\r","metadata":{"emulator":{"name":"functions"},"function":{"name":"us-central1-api"},"message":"\u001b[90m> \u001b[39m   raw: {\r"}}
[info] >      code: 'parameter_invalid_integer', {"user":"    code: 'parameter_invalid_integer',\r","metadata":{"emulator":{"name":"functions"},"function":{"name":"us-central1-api"},"message":"\u001b[90m> \u001b[39m     code: 'parameter_invalid_integer',\r"}}
[info] >      doc_url: 'https://stripe.com/docs/error-codes/parameter-invalid-integer', {"user":"    doc_url: 'https://stripe.com/docs/error-codes/parameter-invalid-integer',\r","metadata":{"emulator":{"name":"functions"},"function":{"name":"us-central1-api"},"message":"\u001b[90m> \u001b[39m     doc_url: 'https://stripe.com/docs/error-codes/parameter-invalid-integer',\r"}}
[info] >      message: 'This value must be greater than or equal to 1.', {"user":"    message: 'This value must be greater than or equal to 1.',\r","metadata":{"emulator":{"name":"functions"},"function":{"name":"us-central1-api"},"message":"\u001b[90m> \u001b[39m     message: 'This value must be greater than or equal to 1.',\r"}}
[info] >      param: 'amount', {"user":"    param: 'amount',\r","metadata":{"emulator":{"name":"functions"},"function":{"name":"us-central1-api"},"message":"\u001b[90m> \u001b[39m     param: 'amount',\r"}}
[info] >      type: 'invalid_request_error', {"user":"    type: 'invalid_request_error',\r","metadata":{"emulator":{"name":"functions"},"function":{"name":"us-central1-api"},"message":"\u001b[90m> \u001b[39m     type: 'invalid_request_error',\r"}}
[info] >      headers: { {"user":"    headers: {\r","metadata":{"emulator":{"name":"functions"},"function":{"name":"us-central1-api"},"message":"\u001b[90m> \u001b[39m     headers: {\r"}}
[info] >        server: 'nginx', {"user":"      server: 'nginx',\r","metadata":{"emulator":{"name":"functions"},"function":{"name":"us-central1-api"},"message":"\u001b[90m> \u001b[39m       server: 'nginx',\r"}}
[info] >        date: 'Wed, 08 Dec 2021 14:18:21 GMT', {"user":"      date: 'Wed, 08 Dec 2021 14:18:21 GMT',\r","metadata":{"emulator":{"name":"functions"},"function":{"name":"us-central1-api"},"message":"\u001b[90m> \u001b[39m       date: 'Wed, 08 Dec 2021 14:18:21 GMT',\r"}}
[info] >        'content-type': 'application/json', {"user":"      'content-type': 'application/json',\r","metadata":{"emulator":{"name":"functions"},"function":{"name":"us-central1-api"},"message":"\u001b[90m> \u001b[39m       'content-type': 'application/json',\r"}}
[info] >        'content-length': '266', {"user":"      'content-length': '266',\r","metadata":{"emulator":{"name":"functions"},"function":{"name":"us-central1-api"},"message":"\u001b[90m> \u001b[39m       'content-length': '266',\r"}}
[info] >        connection: 'keep-alive', {"user":"      connection: 'keep-alive',\r","metadata":{"emulator":{"name":"functions"},"function":{"name":"us-central1-api"},"message":"\u001b[90m> \u001b[39m       connection: 'keep-alive',\r"}}
[info] >        'access-control-allow-credentials': 'true', {"user":"      'access-control-allow-credentials': 'true',\r","metadata":{"emulator":{"name":"functions"},"function":{"name":"us-central1-api"},"message":"\u001b[90m> \u001b[39m       'access-control-allow-credentials': 'true',\r"}}
[info] >        'access-control-allow-methods': 'GET, POST, HEAD, OPTIONS, DELETE', {"user":"      'access-control-allow-methods': 'GET, POST, HEAD, OPTIONS, DELETE',\r","metadata":{"emulator":{"name":"functions"},"function":{"name":"us-central1-api"},"message":"\u001b[90m> \u001b[39m       'access-control-allow-methods': 'GET, POST, HEAD, OPTIONS, DELETE',\r"}}
[info] >        'access-control-allow-origin': '*', {"user":"      'access-control-allow-origin': '*',\r","metadata":{"emulator":{"name":"functions"},"function":{"name":"us-central1-api"},"message":"\u001b[90m> \u001b[39m       'access-control-allow-origin': '*',\r"}}
[info] >        'access-control-expose-headers': 'Request-Id, Stripe-Manage-Version, X-Stripe-External-Auth-Required, X-Stripe-Privileged-Session-Required', {"user":"      'access-control-expose-headers': 'Request-Id, Stripe-Manage-Version, X-Stripe-External-Auth-Required, X-Stripe-Privileged-Session-Required',\r","metadata":{"emulator":{"name":"functions"},"function":{"name":"us-central1-api"},"message":"\u001b[90m> \u001b[39m       'access-control-expose-headers': 'Request-Id, Stripe-Manage-Version, X-Stripe-External-Auth-Required, X-Stripe-Privileged-Session-Required',\r"}}
[info] >        'access-control-max-age': '300', {"user":"      'access-control-max-age': '300',\r","metadata":{"emulator":{"name":"functions"},"function":{"name":"us-central1-api"},"message":"\u001b[90m> \u001b[39m       'access-control-max-age': '300',\r"}}
[info] >        'cache-control': 'no-cache, no-store', {"user":"      'cache-control': 'no-cache, no-store',\r","metadata":{"emulator":{"name":"functions"},"function":{"name":"us-central1-api"},"message":"\u001b[90m> \u001b[39m       'cache-control': 'no-cache, no-store',\r"}}
[info] >        'idempotency-key': '5cdee071-956f-45c0-a327-c67fa5640998', {"user":"      'idempotency-key': '5cdee071-956f-45c0-a327-c67fa5640998',\r","metadata":{"emulator":{"name":"functions"},"function":{"name":"us-central1-api"},"message":"\u001b[90m> \u001b[39m       'idempotency-key': '5cdee071-956f-45c0-a327-c67fa5640998',\r"}}
[info] >        'original-request': 'req_Jt7Wou5Lnxs3WM', {"user":"      'original-request': 'req_Jt7Wou5Lnxs3WM',\r","metadata":{"emulator":{"name":"functions"},"function":{"name":"us-central1-api"},"message":"\u001b[90m> \u001b[39m       'original-request': 'req_Jt7Wou5Lnxs3WM',\r"}}
[info] >        'request-id': 'req_Jt7Wou5Lnxs3WM', {"user":"      'request-id': 'req_Jt7Wou5Lnxs3WM',\r","metadata":{"emulator":{"name":"functions"},"function":{"name":"us-central1-api"},"message":"\u001b[90m> \u001b[39m       'request-id': 'req_Jt7Wou5Lnxs3WM',\r"}}
[info] >        'stripe-version': '2020-08-27', {"user":"      'stripe-version': '2020-08-27',\r","metadata":{"emulator":{"name":"functions"},"function":{"name":"us-central1-api"},"message":"\u001b[90m> \u001b[39m       'stripe-version': '2020-08-27',\r"}}
[info] >        'strict-transport-security': 'max-age=31556926; includeSubDomains; preload' {"user":"      'strict-transport-security': 'max-age=31556926; includeSubDomains; preload'\r","metadata":{"emulator":{"name":"functions"},"function":{"name":"us-central1-api"},"message":"\u001b[90m> \u001b[39m       'strict-transport-security': 'max-age=31556926; includeSubDomains; preload'\r"}}
[info] >      }, {"user":"    },\r","metadata":{"emulator":{"name":"functions"},"function":{"name":"us-central1-api"},"message":"\u001b[90m> \u001b[39m     },\r"}}
[info] >      statusCode: 400, {"user":"    statusCode: 400,\r","metadata":{"emulator":{"name":"functions"},"function":{"name":"us-central1-api"},"message":"\u001b[90m> \u001b[39m     statusCode: 400,\r"}}
[info] >      requestId: 'req_Jt7Wou5Lnxs3WM' {"user":"    requestId: 'req_Jt7Wou5Lnxs3WM'\r","metadata":{"emulator":{"name":"functions"},"function":{"name":"us-central1-api"},"message":"\u001b[90m> \u001b[39m     requestId: 'req_Jt7Wou5Lnxs3WM'\r"}}
[info] >    }, {"user":"  },\r","metadata":{"emulator":{"name":"functions"},"function":{"name":"us-central1-api"},"message":"\u001b[90m> \u001b[39m   },\r"}}
[info] >    rawType: 'invalid_request_error', {"user":"  rawType: 'invalid_request_error',\r","metadata":{"emulator":{"name":"functions"},"function":{"name":"us-central1-api"},"message":"\u001b[90m> \u001b[39m   rawType: 'invalid_request_error',\r"}}
[info] >    code: 'parameter_invalid_integer', {"user":"  code: 'parameter_invalid_integer',\r","metadata":{"emulator":{"name":"functions"},"function":{"name":"us-central1-api"},"message":"\u001b[90m> \u001b[39m   code: 'parameter_invalid_integer',\r"}}
[info] >    doc_url: 'https://stripe.com/docs/error-codes/parameter-invalid-integer', {"user":"  doc_url: 'https://stripe.com/docs/error-codes/parameter-invalid-integer',\r","metadata":{"emulator":{"name":"functions"},"function":{"name":"us-central1-api"},"message":"\u001b[90m> \u001b[39m   doc_url: 'https://stripe.com/docs/error-codes/parameter-invalid-integer',\r"}}
[info] >    param: 'amount', {"user":"  param: 'amount',\r","metadata":{"emulator":{"name":"functions"},"function":{"name":"us-central1-api"},"message":"\u001b[90m> \u001b[39m   param: 'amount',\r"}}
[info] >    detail: undefined, {"user":"  detail: undefined,\r","metadata":{"emulator":{"name":"functions"},"function":{"name":"us-central1-api"},"message":"\u001b[90m> \u001b[39m   detail: undefined,\r"}}
[info] >    headers: { {"user":"  headers: {\r","metadata":{"emulator":{"name":"functions"},"function":{"name":"us-central1-api"},"message":"\u001b[90m> \u001b[39m   headers: {\r"}}
[info] >      server: 'nginx', {"user":"    server: 'nginx',\r","metadata":{"emulator":{"name":"functions"},"function":{"name":"us-central1-api"},"message":"\u001b[90m> \u001b[39m     server: 'nginx',\r"}}
[info] >      date: 'Wed, 08 Dec 2021 14:18:21 GMT', {"user":"    date: 'Wed, 08 Dec 2021 14:18:21 GMT',\r","metadata":{"emulator":{"name":"functions"},"function":{"name":"us-central1-api"},"message":"\u001b[90m> \u001b[39m     date: 'Wed, 08 Dec 2021 14:18:21 GMT',\r"}}
[info] >      'content-type': 'application/json', {"user":"    'content-type': 'application/json',\r","metadata":{"emulator":{"name":"functions"},"function":{"name":"us-central1-api"},"message":"\u001b[90m> \u001b[39m     'content-type': 'application/json',\r"}}
[info] >      'content-length': '266', {"user":"    'content-length': '266',\r","metadata":{"emulator":{"name":"functions"},"function":{"name":"us-central1-api"},"message":"\u001b[90m> \u001b[39m     'content-length': '266',\r"}}
[info] >      connection: 'keep-alive', {"user":"    connection: 'keep-alive',\r","metadata":{"emulator":{"name":"functions"},"function":{"name":"us-central1-api"},"message":"\u001b[90m> \u001b[39m     connection: 'keep-alive',\r"}}
[info] >      'access-control-allow-credentials': 'true', {"user":"    'access-control-allow-credentials': 'true',\r","metadata":{"emulator":{"name":"functions"},"function":{"name":"us-central1-api"},"message":"\u001b[90m> \u001b[39m     'access-control-allow-credentials': 'true',\r"}}
[info] >      'access-control-allow-methods': 'GET, POST, HEAD, OPTIONS, DELETE', {"user":"    'access-control-allow-methods': 'GET, POST, HEAD, OPTIONS, DELETE',\r","metadata":{"emulator":{"name":"functions"},"function":{"name":"us-central1-api"},"message":"\u001b[90m> \u001b[39m     'access-control-allow-methods': 'GET, POST, HEAD, OPTIONS, DELETE',\r"}}
[info] >      'access-control-allow-origin': '*', {"user":"    'access-control-allow-origin': '*',\r","metadata":{"emulator":{"name":"functions"},"function":{"name":"us-central1-api"},"message":"\u001b[90m> \u001b[39m     'access-control-allow-origin': '*',\r"}}
[info] >      'access-control-expose-headers': 'Request-Id, Stripe-Manage-Version, X-Stripe-External-Auth-Required, X-Stripe-Privileged-Session-Required', {"user":"    'access-control-expose-headers': 'Request-Id, Stripe-Manage-Version, X-Stripe-External-Auth-Required, X-Stripe-Privileged-Session-Required',\r","metadata":{"emulator":{"name":"functions"},"function":{"name":"us-central1-api"},"message":"\u001b[90m> \u001b[39m     'access-control-expose-headers': 'Request-Id, Stripe-Manage-Version, X-Stripe-External-Auth-Required, X-Stripe-Privileged-Session-Required',\r"}}
[info] >      'access-control-max-age': '300', {"user":"    'access-control-max-age': '300',\r","metadata":{"emulator":{"name":"functions"},"function":{"name":"us-central1-api"},"message":"\u001b[90m> \u001b[39m     'access-control-max-age': '300',\r"}}
[info] >      'cache-control': 'no-cache, no-store', {"user":"    'cache-control': 'no-cache, no-store',\r","metadata":{"emulator":{"name":"functions"},"function":{"name":"us-central1-api"},"message":"\u001b[90m> \u001b[39m     'cache-control': 'no-cache, no-store',\r"}}
[info] >      'idempotency-key': '5cdee071-956f-45c0-a327-c67fa5640998', {"user":"    'idempotency-key': '5cdee071-956f-45c0-a327-c67fa5640998',\r","metadata":{"emulator":{"name":"functions"},"function":{"name":"us-central1-api"},"message":"\u001b[90m> \u001b[39m     'idempotency-key': '5cdee071-956f-45c0-a327-c67fa5640998',\r"}}
[info] >      'original-request': 'req_Jt7Wou5Lnxs3WM', {"user":"    'original-request': 'req_Jt7Wou5Lnxs3WM',\r","metadata":{"emulator":{"name":"functions"},"function":{"name":"us-central1-api"},"message":"\u001b[90m> \u001b[39m     'original-request': 'req_Jt7Wou5Lnxs3WM',\r"}}
[info] >      'request-id': 'req_Jt7Wou5Lnxs3WM', {"user":"    'request-id': 'req_Jt7Wou5Lnxs3WM',\r","metadata":{"emulator":{"name":"functions"},"function":{"name":"us-central1-api"},"message":"\u001b[90m> \u001b[39m     'request-id': 'req_Jt7Wou5Lnxs3WM',\r"}}
[info] >      'stripe-version': '2020-08-27', {"user":"    'stripe-version': '2020-08-27',\r","metadata":{"emulator":{"name":"functions"},"function":{"name":"us-central1-api"},"message":"\u001b[90m> \u001b[39m     'stripe-version': '2020-08-27',\r"}}
[info] >      'strict-transport-security': 'max-age=31556926; includeSubDomains; preload' {"user":"    'strict-transport-security': 'max-age=31556926; includeSubDomains; preload'\r","metadata":{"emulator":{"name":"functions"},"function":{"name":"us-central1-api"},"message":"\u001b[90m> \u001b[39m     'strict-transport-security': 'max-age=31556926; includeSubDomains; preload'\r"}}
[info] >    }, {"user":"  },\r","metadata":{"emulator":{"name":"functions"},"function":{"name":"us-central1-api"},"message":"\u001b[90m> \u001b[39m   },\r"}}
[info] >    requestId: 'req_Jt7Wou5Lnxs3WM', {"user":"  requestId: 'req_Jt7Wou5Lnxs3WM',\r","metadata":{"emulator":{"name":"functions"},"function":{"name":"us-central1-api"},"message":"\u001b[90m> \u001b[39m   requestId: 'req_Jt7Wou5Lnxs3WM',\r"}}
[info] >    statusCode: 400, {"user":"  statusCode: 400,\r","metadata":{"emulator":{"name":"functions"},"function":{"name":"us-central1-api"},"message":"\u001b[90m> \u001b[39m   statusCode: 400,\r"}}
[info] >    charge: undefined, {"user":"  charge: undefined,\r","metadata":{"emulator":{"name":"functions"},"function":{"name":"us-central1-api"},"message":"\u001b[90m> \u001b[39m   charge: undefined,\r"}}
[info] >    decline_code: undefined, {"user":"  decline_code: undefined,\r","metadata":{"emulator":{"name":"functions"},"function":{"name":"us-central1-api"},"message":"\u001b[90m> \u001b[39m   decline_code: undefined,\r"}}
[info] >    payment_intent: undefined, {"user":"  payment_intent: undefined,\r","metadata":{"emulator":{"name":"functions"},"function":{"name":"us-central1-api"},"message":"\u001b[90m> \u001b[39m   payment_intent: undefined,\r"}}
[info] >    payment_method: undefined, {"user":"  payment_method: undefined,\r","metadata":{"emulator":{"name":"functions"},"function":{"name":"us-central1-api"},"message":"\u001b[90m> \u001b[39m   payment_method: undefined,\r"}}
[info] >    payment_method_type: undefined, {"user":"  payment_method_type: undefined,\r","metadata":{"emulator":{"name":"functions"},"function":{"name":"us-central1-api"},"message":"\u001b[90m> \u001b[39m   payment_method_type: undefined,\r"}}
[info] >    setup_intent: undefined, {"user":"  setup_intent: undefined,\r","metadata":{"emulator":{"name":"functions"},"function":{"name":"us-central1-api"},"message":"\u001b[90m> \u001b[39m   setup_intent: undefined,\r"}}
[info] >    source: undefined {"user":"  source: undefined\r","metadata":{"emulator":{"name":"functions"},"function":{"name":"us-central1-api"},"message":"\u001b[90m> \u001b[39m   source: undefined\r"}}
[info] >  } {"user":"}\r","metadata":{"emulator":{"name":"functions"},"function":{"name":"us-central1-api"},"message":"\u001b[90m> \u001b[39m }\r"}}
[debug] [2021-12-08T14:18:20.702Z] [worker-us-central1-api-9cec7a08-b74b-4062-b6a3-360bd6b7b5ad]: exited {"metadata":{"emulator":{"name":"functions"},"message":"[worker-us-central1-api-9cec7a08-b74b-4062-b6a3-360bd6b7b5ad]: exited"}}
[debug] [2021-12-08T14:18:20.702Z] [worker-us-central1-api-9cec7a08-b74b-4062-b6a3-360bd6b7b5ad]: FINISHED {"metadata":{"emulator":{"name":"functions"},"message":"[worker-us-central1-api-9cec7a08-b74b-4062-b6a3-360bd6b7b5ad]: FINISHED"}}
[debug] [2021-12-08T14:18:20.703Z] [work-queue] {"queueLength":0,"workRunningCount":0}
[debug] [2021-12-08T15:18:41.080Z] [work-queue] {"queueLength":1,"workRunningCount":0}
[debug] [2021-12-08T15:18:41.081Z] [work-queue] {"queueLength":0,"workRunningCount":1}
[debug] [2021-12-08T15:18:41.081Z] Accepted request POST /challenge-30449/us-central1/api/payment/create?total=11542300 --> us-central1-api
[debug] [2021-12-08T15:18:41.081Z] [worker-pool] Cleaned up workers for us-central1-api: 1 --> 0 {"metadata":{"emulator":{"name":"functions"},"message":"[worker-pool] Cleaned up workers for us-central1-api: 1 --> 0"}}
[debug] [2021-12-08T15:18:41.086Z] [worker-pool] addWorker(us-central1-api) {"metadata":{"emulator":{"name":"functions"},"message":"[worker-pool] addWorker(us-central1-api)"}}
[debug] [2021-12-08T15:18:41.086Z] [worker-pool] Adding worker with key us-central1-api, total=1 {"metadata":{"emulator":{"name":"functions"},"message":"[worker-pool] Adding worker with key us-central1-api, total=1"}}
[debug] [2021-12-08T15:18:41.086Z] [worker-pool] submitWork(triggerId=us-central1-api) {"metadata":{"emulator":{"name":"functions"},"message":"[worker-pool] submitWork(triggerId=us-central1-api)"}}
[debug] [2021-12-08T15:18:41.086Z] [worker-us-central1-api-0dd7e2a5-afd4-4190-bc19-a4c43e2e5c63]: Assigning socketPath: \\?\pipe\D:\Clones\amazon-clone\functions\1672 {"metadata":{"emulator":{"name":"functions"},"message":"[worker-us-central1-api-0dd7e2a5-afd4-4190-bc19-a4c43e2e5c63]: Assigning socketPath: \\\\?\\pipe\\D:\\Clones\\amazon-clone\\functions\\1672"}}
[debug] [2021-12-08T15:18:41.086Z] [worker-us-central1-api-0dd7e2a5-afd4-4190-bc19-a4c43e2e5c63]: BUSY {"metadata":{"emulator":{"name":"functions"},"message":"[worker-us-central1-api-0dd7e2a5-afd4-4190-bc19-a4c43e2e5c63]: BUSY"}}
[debug] [2021-12-08T15:18:41.255Z] [runtime-status] [1672] Functions runtime initialized. {"cwd":"D:\\Clones\\amazon-clone\\functions","node_version":"16.13.0"} {"metadata":{"emulator":{"name":"functions"},"function":{"name":"us-central1-api"},"message":"[runtime-status] [1672] Functions runtime initialized. {\"cwd\":\"D:\\\\Clones\\\\amazon-clone\\\\functions\",\"node_version\":\"16.13.0\"}"}}
[debug] [2021-12-08T15:18:41.256Z] [runtime-status] [1672] Disabled runtime features: undefined {"metadata":{"emulator":{"name":"functions"},"function":{"name":"us-central1-api"},"message":"[runtime-status] [1672] Disabled runtime features: undefined"}}
[debug] [2021-12-08T15:18:41.258Z] [runtime-status] [1672] Resolved module firebase-admin {"declared":true,"installed":true,"version":"9.12.0","resolution":"D:\\Clones\\amazon-clone\\functions\\node_modules\\firebase-admin\\lib\\index.js"} {"metadata":{"emulator":{"name":"functions"},"function":{"name":"us-central1-api"},"message":"[runtime-status] [1672] Resolved module firebase-admin {\"declared\":true,\"installed\":true,\"version\":\"9.12.0\",\"resolution\":\"D:\\\\Clones\\\\amazon-clone\\\\functions\\\\node_modules\\\\firebase-admin\\\\lib\\\\index.js\"}"}}
[debug] [2021-12-08T15:18:41.261Z] [runtime-status] [1672] Resolved module firebase-functions {"declared":true,"installed":true,"version":"3.16.0","resolution":"D:\\Clones\\amazon-clone\\functions\\node_modules\\firebase-functions\\lib\\index.js"} {"metadata":{"emulator":{"name":"functions"},"function":{"name":"us-central1-api"},"message":"[runtime-status] [1672] Resolved module firebase-functions {\"declared\":true,\"installed\":true,\"version\":\"3.16.0\",\"resolution\":\"D:\\\\Clones\\\\amazon-clone\\\\functions\\\\node_modules\\\\firebase-functions\\\\lib\\\\index.js\"}"}}
[debug] [2021-12-08T15:18:41.262Z] [runtime-status] [1672] Outgoing network have been stubbed. [{"name":"http","status":"mocked"},{"name":"http","status":"mocked"},{"name":"https","status":"mocked"},{"name":"https","status":"mocked"},{"name":"net","status":"mocked"}] {"metadata":{"emulator":{"name":"functions"},"function":{"name":"us-central1-api"},"message":"[runtime-status] [1672] Outgoing network have been stubbed. [{\"name\":\"http\",\"status\":\"mocked\"},{\"name\":\"http\",\"status\":\"mocked\"},{\"name\":\"https\",\"status\":\"mocked\"},{\"name\":\"https\",\"status\":\"mocked\"},{\"name\":\"net\",\"status\":\"mocked\"}]"}}
[debug] [2021-12-08T15:18:41.263Z] [runtime-status] [1672] Resolved module firebase-functions {"declared":true,"installed":true,"version":"3.16.0","resolution":"D:\\Clones\\amazon-clone\\functions\\node_modules\\firebase-functions\\lib\\index.js"} {"metadata":{"emulator":{"name":"functions"},"function":{"name":"us-central1-api"},"message":"[runtime-status] [1672] Resolved module firebase-functions {\"declared\":true,\"installed\":true,\"version\":\"3.16.0\",\"resolution\":\"D:\\\\Clones\\\\amazon-clone\\\\functions\\\\node_modules\\\\firebase-functions\\\\lib\\\\index.js\"}"}}
[debug] [2021-12-08T15:18:42.043Z] [runtime-status] [1672] Checked functions.config() {"config":{}} {"metadata":{"emulator":{"name":"functions"},"function":{"name":"us-central1-api"},"message":"[runtime-status] [1672] Checked functions.config() {\"config\":{}}"}}
[debug] [2021-12-08T15:18:42.044Z] [runtime-status] [1672] firebase-functions has been stubbed. {"functionsResolution":{"declared":true,"installed":true,"version":"3.16.0","resolution":"D:\\Clones\\amazon-clone\\functions\\node_modules\\firebase-functions\\lib\\index.js"}} {"metadata":{"emulator":{"name":"functions"},"function":{"name":"us-central1-api"},"message":"[runtime-status] [1672] firebase-functions has been stubbed. {\"functionsResolution\":{\"declared\":true,\"installed\":true,\"version\":\"3.16.0\",\"resolution\":\"D:\\\\Clones\\\\amazon-clone\\\\functions\\\\node_modules\\\\firebase-functions\\\\lib\\\\index.js\"}}"}}
[debug] [2021-12-08T15:18:42.044Z] [runtime-status] [1672] Resolved module firebase-functions {"declared":true,"installed":true,"version":"3.16.0","resolution":"D:\\Clones\\amazon-clone\\functions\\node_modules\\firebase-functions\\lib\\index.js"} {"metadata":{"emulator":{"name":"functions"},"function":{"name":"us-central1-api"},"message":"[runtime-status] [1672] Resolved module firebase-functions {\"declared\":true,\"installed\":true,\"version\":\"3.16.0\",\"resolution\":\"D:\\\\Clones\\\\amazon-clone\\\\functions\\\\node_modules\\\\firebase-functions\\\\lib\\\\index.js\"}"}}
[debug] [2021-12-08T15:18:42.046Z] [runtime-status] [1672] Resolved module firebase-admin {"declared":true,"installed":true,"version":"9.12.0","resolution":"D:\\Clones\\amazon-clone\\functions\\node_modules\\firebase-admin\\lib\\index.js"} {"metadata":{"emulator":{"name":"functions"},"function":{"name":"us-central1-api"},"message":"[runtime-status] [1672] Resolved module firebase-admin {\"declared\":true,\"installed\":true,\"version\":\"9.12.0\",\"resolution\":\"D:\\\\Clones\\\\amazon-clone\\\\functions\\\\node_modules\\\\firebase-admin\\\\lib\\\\index.js\"}"}}
[debug] [2021-12-08T15:18:42.046Z] [runtime-status] [1672] Resolved module firebase-functions {"declared":true,"installed":true,"version":"3.16.0","resolution":"D:\\Clones\\amazon-clone\\functions\\node_modules\\firebase-functions\\lib\\index.js"} {"metadata":{"emulator":{"name":"functions"},"function":{"name":"us-central1-api"},"message":"[runtime-status] [1672] Resolved module firebase-functions {\"declared\":true,\"installed\":true,\"version\":\"3.16.0\",\"resolution\":\"D:\\\\Clones\\\\amazon-clone\\\\functions\\\\node_modules\\\\firebase-functions\\\\lib\\\\index.js\"}"}}
[debug] [2021-12-08T15:18:42.046Z] [runtime-status] [1672] firebase-admin has been stubbed. {"adminResolution":{"declared":true,"installed":true,"version":"9.12.0","resolution":"D:\\Clones\\amazon-clone\\functions\\node_modules\\firebase-admin\\lib\\index.js"}} {"metadata":{"emulator":{"name":"functions"},"function":{"name":"us-central1-api"},"message":"[runtime-status] [1672] firebase-admin has been stubbed. {\"adminResolution\":{\"declared\":true,\"installed\":true,\"version\":\"9.12.0\",\"resolution\":\"D:\\\\Clones\\\\amazon-clone\\\\functions\\\\node_modules\\\\firebase-admin\\\\lib\\\\index.js\"}}"}}
[debug] [2021-12-08T15:18:42.557Z] [runtime-status] [1672] Trigger "us-central1-api" has been found, beginning invocation! {"metadata":{"emulator":{"name":"functions"},"function":{"name":"us-central1-api"},"message":"[runtime-status] [1672] Trigger \"us-central1-api\" has been found, beginning invocation!"}}
[info] i  functions: Beginning execution of "us-central1-api" {"metadata":{"emulator":{"name":"functions"},"function":{"name":"us-central1-api"},"message":"Beginning execution of \"us-central1-api\""}}
[debug] [2021-12-08T15:18:42.558Z] [runtime-status] [1672] triggerDefinition {"httpsTrigger":{},"name":"api","entryPoint":"api","regions":["us-central1"],"region":"us-central1","id":"us-central1-api"} {"metadata":{"emulator":{"name":"functions"},"function":{"name":"us-central1-api"},"message":"[runtime-status] [1672] triggerDefinition {\"httpsTrigger\":{},\"name\":\"api\",\"entryPoint\":\"api\",\"regions\":[\"us-central1\"],\"region\":\"us-central1\",\"id\":\"us-central1-api\"}"}}
[debug] [2021-12-08T15:18:42.559Z] [runtime-status] [1672] Running us-central1-api in signature http {"metadata":{"emulator":{"name":"functions"},"function":{"name":"us-central1-api"},"message":"[runtime-status] [1672] Running us-central1-api in signature http"}}
[debug] [2021-12-08T15:18:42.561Z] [runtime-status] [1672] Attempting to listen to socketPath: \\?\pipe\D:\Clones\amazon-clone\functions\1672 {"metadata":{"emulator":{"name":"functions"},"function":{"name":"us-central1-api"},"message":"[runtime-status] [1672] Attempting to listen to socketPath: \\\\?\\pipe\\D:\\Clones\\amazon-clone\\functions\\1672"}}
[debug] [2021-12-08T15:18:42.567Z] [functions] Runtime ready! Sending request! {"metadata":{"emulator":{"name":"functions"},"message":"[functions] Runtime ready! Sending request!"}}
[debug] [2021-12-08T15:18:42.567Z] [functions] Got req.url=/challenge-30449/us-central1/api/payment/create?total=11542300, mapping to path=/payment/create?total=11542300 {"metadata":{"emulator":{"name":"functions"},"message":"[functions] Got req.url=/challenge-30449/us-central1/api/payment/create?total=11542300, mapping to path=/payment/create?total=11542300"}}
[debug] [2021-12-08T15:18:42.574Z] [runtime-status] [1672] Ephemeral server handling POST request {"metadata":{"emulator":{"name":"functions"},"function":{"name":"us-central1-api"},"message":"[runtime-status] [1672] Ephemeral server handling POST request"}}
[info] >  Payment request for the amount of >>>> 11542300 {"user":"Payment request for the amount of >>>> 11542300","metadata":{"emulator":{"name":"functions"},"function":{"name":"us-central1-api"},"message":"\u001b[90m> \u001b[39m Payment request for the amount of >>>> 11542300"}}
[debug] [2021-12-08T15:18:42.587Z] [runtime-status] [1672] Ephemeral server survived. {"metadata":{"emulator":{"name":"functions"},"function":{"name":"us-central1-api"},"message":"[runtime-status] [1672] Ephemeral server survived."}}
[info] i  functions: Finished "us-central1-api" in ~3s {"metadata":{"emulator":{"name":"functions"},"function":{"name":"us-central1-api"},"message":"Finished \"us-central1-api\" in ~3s"}}
[debug] [2021-12-08T15:18:46.198Z] [worker-us-central1-api-0dd7e2a5-afd4-4190-bc19-a4c43e2e5c63]: IDLE {"metadata":{"emulator":{"name":"functions"},"message":"[worker-us-central1-api-0dd7e2a5-afd4-4190-bc19-a4c43e2e5c63]: IDLE"}}
[debug] [2021-12-08T15:18:46.198Z] [work-queue] {"queueLength":0,"workRunningCount":0}
[debug] [2021-12-08T15:20:48.935Z] [work-queue] {"queueLength":1,"workRunningCount":0}
[debug] [2021-12-08T15:20:48.935Z] [work-queue] {"queueLength":0,"workRunningCount":1}
[debug] [2021-12-08T15:20:48.935Z] Accepted request POST /challenge-30449/us-central1/api/payment/create?total=10789000 --> us-central1-api
[debug] [2021-12-08T15:20:48.935Z] [worker-pool] submitWork(triggerId=us-central1-api) {"metadata":{"emulator":{"name":"functions"},"message":"[worker-pool] submitWork(triggerId=us-central1-api)"}}
[debug] [2021-12-08T15:20:48.935Z] [worker-us-central1-api-0dd7e2a5-afd4-4190-bc19-a4c43e2e5c63]: Assigning socketPath: \\?\pipe\D:\Clones\amazon-clone\functions\1672 {"metadata":{"emulator":{"name":"functions"},"message":"[worker-us-central1-api-0dd7e2a5-afd4-4190-bc19-a4c43e2e5c63]: Assigning socketPath: \\\\?\\pipe\\D:\\Clones\\amazon-clone\\functions\\1672"}}
[debug] [2021-12-08T15:20:48.935Z] [worker-us-central1-api-0dd7e2a5-afd4-4190-bc19-a4c43e2e5c63]: BUSY {"metadata":{"emulator":{"name":"functions"},"message":"[worker-us-central1-api-0dd7e2a5-afd4-4190-bc19-a4c43e2e5c63]: BUSY"}}
[debug] [2021-12-08T15:20:48.936Z] [runtime-status] [1672] Trigger "us-central1-api" has been found, beginning invocation! {"metadata":{"emulator":{"name":"functions"},"function":{"name":"us-central1-api"},"message":"[runtime-status] [1672] Trigger \"us-central1-api\" has been found, beginning invocation!"}}
[info] i  functions: Beginning execution of "us-central1-api" {"metadata":{"emulator":{"name":"functions"},"function":{"name":"us-central1-api"},"message":"Beginning execution of \"us-central1-api\""}}
[debug] [2021-12-08T15:20:48.937Z] [runtime-status] [1672] triggerDefinition {"httpsTrigger":{},"name":"api","entryPoint":"api","regions":["us-central1"],"region":"us-central1","id":"us-central1-api"} {"metadata":{"emulator":{"name":"functions"},"function":{"name":"us-central1-api"},"message":"[runtime-status] [1672] triggerDefinition {\"httpsTrigger\":{},\"name\":\"api\",\"entryPoint\":\"api\",\"regions\":[\"us-central1\"],\"region\":\"us-central1\",\"id\":\"us-central1-api\"}"}}
[debug] [2021-12-08T15:20:48.937Z] [runtime-status] [1672] Running us-central1-api in signature http {"metadata":{"emulator":{"name":"functions"},"function":{"name":"us-central1-api"},"message":"[runtime-status] [1672] Running us-central1-api in signature http"}}
[debug] [2021-12-08T15:20:48.937Z] [runtime-status] [1672] Attempting to listen to socketPath: \\?\pipe\D:\Clones\amazon-clone\functions\1672 {"metadata":{"emulator":{"name":"functions"},"function":{"name":"us-central1-api"},"message":"[runtime-status] [1672] Attempting to listen to socketPath: \\\\?\\pipe\\D:\\Clones\\amazon-clone\\functions\\1672"}}
[debug] [2021-12-08T15:20:48.938Z] [functions] Runtime ready! Sending request! {"metadata":{"emulator":{"name":"functions"},"message":"[functions] Runtime ready! Sending request!"}}
[debug] [2021-12-08T15:20:48.938Z] [functions] Got req.url=/challenge-30449/us-central1/api/payment/create?total=10789000, mapping to path=/payment/create?total=10789000 {"metadata":{"emulator":{"name":"functions"},"message":"[functions] Got req.url=/challenge-30449/us-central1/api/payment/create?total=10789000, mapping to path=/payment/create?total=10789000"}}
[debug] [2021-12-08T15:20:48.941Z] [runtime-status] [1672] Ephemeral server handling POST request {"metadata":{"emulator":{"name":"functions"},"function":{"name":"us-central1-api"},"message":"[runtime-status] [1672] Ephemeral server handling POST request"}}
[info] >  Payment request for the amount of >>>> 10789000 {"user":"Payment request for the amount of >>>> 10789000","metadata":{"emulator":{"name":"functions"},"function":{"name":"us-central1-api"},"message":"\u001b[90m> \u001b[39m Payment request for the amount of >>>> 10789000"}}
[debug] [2021-12-08T15:20:48.945Z] [runtime-status] [1672] Ephemeral server survived. {"metadata":{"emulator":{"name":"functions"},"function":{"name":"us-central1-api"},"message":"[runtime-status] [1672] Ephemeral server survived."}}
[info] i  functions: Finished "us-central1-api" in ~1s {"metadata":{"emulator":{"name":"functions"},"function":{"name":"us-central1-api"},"message":"Finished \"us-central1-api\" in ~1s"}}
[debug] [2021-12-08T15:20:50.243Z] [worker-us-central1-api-0dd7e2a5-afd4-4190-bc19-a4c43e2e5c63]: IDLE {"metadata":{"emulator":{"name":"functions"},"message":"[worker-us-central1-api-0dd7e2a5-afd4-4190-bc19-a4c43e2e5c63]: IDLE"}}
[debug] [2021-12-08T15:20:50.243Z] [work-queue] {"queueLength":0,"workRunningCount":0}
[debug] [2021-12-08T15:46:03.195Z] Received signal SIGHUP 1
